TN:
SF:addToEquationArray.js
FN:1,addToEquationArray
FNF:1
FNH:1
FNDA:1,addToEquationArray
DA:3,1
DA:4,1
DA:6,1
DA:8,1
DA:11,1
DA:14,1
DA:17,1
LF:7
LH:7
BRF:0
BRH:0
end_of_record
TN:
SF:arraysEqual.js
FN:1,arraysEqual
FNF:1
FNH:1
FNDA:1,arraysEqual
DA:3,1
DA:6,1
LF:2
LH:2
BRF:0
BRH:0
end_of_record
TN:
SF:checkForDuplicates.js
FN:1,checkForDuplicates
FNF:1
FNH:1
FNDA:1,checkForDuplicates
DA:3,1
DA:5,1
DA:7,1
DA:9,4
DA:11,16
DA:13,4
DA:15,1
DA:16,1
DA:19,3
DA:21,1
DA:22,1
DA:25,2
DA:27,1
DA:28,1
DA:31,1
DA:33,1
DA:34,1
DA:42,1
DA:45,1
LF:19
LH:19
BRDA:5,0,0,1
BRDA:5,0,1,0
BRDA:11,1,0,4
BRDA:11,1,1,12
BRDA:13,2,0,1
BRDA:13,2,1,3
BRDA:19,3,0,1
BRDA:19,3,1,2
BRDA:25,4,0,1
BRDA:25,4,1,1
BRDA:31,5,0,1
BRDA:31,5,1,0
BRF:12
BRH:10
end_of_record
TN:
SF:checkIfArraysMatch.js
FN:1,checkIfArraysMatch
FNF:1
FNH:1
FNDA:1,checkIfArraysMatch
DA:3,1
DA:4,1
DA:6,1
DA:8,1
DA:10,8
DA:13,64
DA:14,64
DA:16,36
DA:21,1
DA:23,0
DA:28,1
DA:32,0
DA:34,0
DA:39,0
DA:43,1
LF:15
LH:11
BRDA:6,0,0,1
BRDA:6,0,1,0
BRDA:6,1,0,1
BRDA:6,1,1,1
BRDA:14,2,0,36
BRDA:14,2,1,28
BRDA:21,3,0,0
BRDA:21,3,1,1
BRDA:32,4,0,0
BRDA:32,4,1,0
BRDA:32,5,0,0
BRDA:32,5,1,0
BRF:12
BRH:6
end_of_record
TN:
SF:countElementsInEquationArray.js
FN:1,countElementsInEquationArray
FNF:1
FNH:1
FNDA:1,countElementsInEquationArray
DA:3,1
DA:4,1
DA:5,1
DA:7,1
DA:9,3
DA:10,3
DA:13,1
DA:16,1
LF:8
LH:8
BRF:0
BRH:0
end_of_record
TN:
SF:createArray.js
FN:1,createArray
FNF:1
FNH:1
FNDA:1,createArray
DA:4,1
DA:5,1
DA:6,1
DA:7,1
DA:8,1
DA:10,1
DA:12,0
DA:15,1
DA:16,1
DA:17,1
DA:19,1
DA:21,8
DA:22,8
DA:25,1
DA:27,1
DA:29,1
DA:30,1
DA:33,0
DA:35,0
DA:36,0
DA:42,0
DA:44,0
DA:46,0
DA:47,0
DA:52,1
DA:55,1
LF:26
LH:18
BRDA:10,0,0,0
BRDA:10,0,1,1
BRDA:25,1,0,1
BRDA:25,1,1,0
BRDA:27,2,0,1
BRDA:27,2,1,0
BRDA:27,3,0,1
BRDA:27,3,1,0
BRDA:27,3,2,1
BRDA:33,4,0,0
BRDA:33,4,1,0
BRDA:33,5,0,0
BRDA:33,5,1,0
BRDA:33,5,2,0
BRDA:42,6,0,0
BRDA:42,6,1,0
BRDA:44,7,0,0
BRDA:44,7,1,0
BRDA:44,8,0,0
BRDA:44,8,1,0
BRF:20
BRH:5
end_of_record
TN:
SF:createArraySpace.js
FN:1,createArraySpace
FNF:1
FNH:1
FNDA:1,createArraySpace
DA:3,1
DA:5,1
DA:7,8
DA:10,1
DA:13,1
LF:5
LH:5
BRF:0
BRH:0
end_of_record
TN:
SF:getLengthOfArray.js
FN:2,getLengthOfArray
FNF:1
FNH:1
FNDA:1,getLengthOfArray
DA:4,1
DA:6,1
DA:8,8
DA:11,1
DA:14,1
LF:5
LH:5
BRF:0
BRH:0
end_of_record
TN:
SF:getTimeTaken.js
FN:1,getTimeTaken
FNF:1
FNH:1
FNDA:1,getTimeTaken
DA:3,1
DA:4,1
DA:5,1
DA:7,1
DA:9,4
DA:11,40
DA:12,40
DA:15,4
DA:17,4
DA:19,3
DA:23,1
DA:24,1
DA:27,1
LF:13
LH:13
BRDA:17,0,0,3
BRDA:17,0,1,1
BRF:2
BRH:2
end_of_record
TN:
SF:removeDuplicates.js
FN:1,removeDuplicates
FNF:1
FNH:1
FNDA:1,removeDuplicates
DA:3,1
DA:5,1
DA:7,2
DA:9,4
DA:11,1
DA:17,1
DA:20,1
LF:7
LH:7
BRDA:3,0,0,1
BRDA:3,0,1,0
BRDA:9,1,0,1
BRDA:9,1,1,3
BRDA:9,2,0,4
BRDA:9,2,1,3
BRF:6
BRH:5
end_of_record
TN:
SF:swapArrayIndices.js
FN:2,swapArrayIndices
FNF:1
FNH:1
FNDA:1,swapArrayIndices
DA:4,1
DA:6,1
DA:7,1
DA:9,1
DA:12,1
LF:5
LH:5
BRF:0
BRH:0
end_of_record
