<?xml version="1.0" encoding="UTF-8"?>
<coverage generated="1587496552915" clover="3.2.0">
  <project timestamp="1587496552915" name="All files">
    <metrics statements="58" coveredstatements="50" conditionals="28" coveredconditionals="13" methods="6" coveredmethods="6" elements="92" coveredelements="69" complexity="0" loc="58" ncloc="58" packages="1" files="6" classes="6"/>
    <file name="arraysEqual.js" path="/Users/traybournenorth/Desktop/NAUDigiTool/NewPrototype/module-one-unit-tests/arraysEqual.js">
      <metrics statements="2" coveredstatements="2" conditionals="0" coveredconditionals="0" methods="1" coveredmethods="1"/>
      <line num="3" count="1" type="stmt"/>
      <line num="6" count="1" type="stmt"/>
    </file>
    <file name="createArray.js" path="/Users/traybournenorth/Desktop/NAUDigiTool/NewPrototype/module-one-unit-tests/createArray.js">
      <metrics statements="26" coveredstatements="18" conditionals="20" coveredconditionals="6" methods="1" coveredmethods="1"/>
      <line num="4" count="1" type="stmt"/>
      <line num="5" count="1" type="stmt"/>
      <line num="6" count="1" type="stmt"/>
      <line num="7" count="1" type="stmt"/>
      <line num="8" count="1" type="stmt"/>
      <line num="10" count="1" type="cond" truecount="1" falsecount="1"/>
      <line num="12" count="0" type="stmt"/>
      <line num="15" count="1" type="stmt"/>
      <line num="16" count="1" type="stmt"/>
      <line num="17" count="1" type="stmt"/>
      <line num="19" count="1" type="stmt"/>
      <line num="21" count="8" type="stmt"/>
      <line num="22" count="8" type="stmt"/>
      <line num="25" count="1" type="cond" truecount="1" falsecount="1"/>
      <line num="27" count="1" type="cond" truecount="4" falsecount="1"/>
      <line num="29" count="1" type="stmt"/>
      <line num="30" count="1" type="stmt"/>
      <line num="33" count="0" type="cond" truecount="0" falsecount="5"/>
      <line num="35" count="0" type="stmt"/>
      <line num="36" count="0" type="stmt"/>
      <line num="42" count="0" type="cond" truecount="0" falsecount="2"/>
      <line num="44" count="0" type="cond" truecount="0" falsecount="4"/>
      <line num="46" count="0" type="stmt"/>
      <line num="47" count="0" type="stmt"/>
      <line num="52" count="1" type="stmt"/>
      <line num="55" count="1" type="stmt"/>
    </file>
    <file name="getLengthOfArray.js" path="/Users/traybournenorth/Desktop/NAUDigiTool/NewPrototype/module-one-unit-tests/getLengthOfArray.js">
      <metrics statements="5" coveredstatements="5" conditionals="0" coveredconditionals="0" methods="1" coveredmethods="1"/>
      <line num="4" count="1" type="stmt"/>
      <line num="6" count="1" type="stmt"/>
      <line num="8" count="8" type="stmt"/>
      <line num="11" count="1" type="stmt"/>
      <line num="14" count="1" type="stmt"/>
    </file>
    <file name="getTimeTaken.js" path="/Users/traybournenorth/Desktop/NAUDigiTool/NewPrototype/module-one-unit-tests/getTimeTaken.js">
      <metrics statements="13" coveredstatements="13" conditionals="2" coveredconditionals="2" methods="1" coveredmethods="1"/>
      <line num="3" count="1" type="stmt"/>
      <line num="4" count="1" type="stmt"/>
      <line num="5" count="1" type="stmt"/>
      <line num="7" count="1" type="stmt"/>
      <line num="9" count="4" type="stmt"/>
      <line num="11" count="40" type="stmt"/>
      <line num="12" count="40" type="stmt"/>
      <line num="15" count="4" type="stmt"/>
      <line num="17" count="4" type="cond" truecount="2" falsecount="0"/>
      <line num="19" count="3" type="stmt"/>
      <line num="23" count="1" type="stmt"/>
      <line num="24" count="1" type="stmt"/>
      <line num="27" count="1" type="stmt"/>
    </file>
    <file name="removeDuplicates.js" path="/Users/traybournenorth/Desktop/NAUDigiTool/NewPrototype/module-one-unit-tests/removeDuplicates.js">
      <metrics statements="7" coveredstatements="7" conditionals="6" coveredconditionals="5" methods="1" coveredmethods="1"/>
      <line num="3" count="1" type="cond" truecount="1" falsecount="1"/>
      <line num="5" count="1" type="stmt"/>
      <line num="7" count="2" type="stmt"/>
      <line num="9" count="4" type="cond" truecount="4" falsecount="0"/>
      <line num="11" count="1" type="stmt"/>
      <line num="17" count="1" type="stmt"/>
      <line num="20" count="1" type="stmt"/>
    </file>
    <file name="swapArrayIndices.js" path="/Users/traybournenorth/Desktop/NAUDigiTool/NewPrototype/module-one-unit-tests/swapArrayIndices.js">
      <metrics statements="5" coveredstatements="5" conditionals="0" coveredconditionals="0" methods="1" coveredmethods="1"/>
      <line num="4" count="1" type="stmt"/>
      <line num="6" count="1" type="stmt"/>
      <line num="7" count="1" type="stmt"/>
      <line num="9" count="1" type="stmt"/>
      <line num="12" count="1" type="stmt"/>
    </file>
  </project>
</coverage>
