{"/Users/traybournenorth/Desktop/NAUDigiTool/NewPrototype/module-one-unit-tests/arraysEqual.js": {"path":"/Users/traybournenorth/Desktop/NAUDigiTool/NewPrototype/module-one-unit-tests/arraysEqual.js","statementMap":{"0":{"start":{"line":3,"column":4},"end":{"line":3,"column":67}},"1":{"start":{"line":6,"column":0},"end":{"line":6,"column":29}}},"fnMap":{"0":{"name":"arraysEqual","decl":{"start":{"line":1,"column":9},"end":{"line":1,"column":20}},"loc":{"start":{"line":2,"column":0},"end":{"line":4,"column":1}},"line":2}},"branchMap":{},"s":{"0":1,"1":1},"f":{"0":1},"b":{},"_coverageSchema":"1a1c01bbd47fc00a2c39e90264f33305004495a9","hash":"75f37bfbf1c181f401b0a3e20aa7db903fa56314"}
,"/Users/traybournenorth/Desktop/NAUDigiTool/NewPrototype/module-one-unit-tests/createArray.js": {"path":"/Users/traybournenorth/Desktop/NAUDigiTool/NewPrototype/module-one-unit-tests/createArray.js","statementMap":{"0":{"start":{"line":4,"column":16},"end":{"line":4,"column":28}},"1":{"start":{"line":5,"column":24},"end":{"line":5,"column":36}},"2":{"start":{"line":6,"column":19},"end":{"line":6,"column":20}},"3":{"start":{"line":7,"column":19},"end":{"line":7,"column":44}},"4":{"start":{"line":8,"column":24},"end":{"line":8,"column":37}},"5":{"start":{"line":10,"column":4},"end":{"line":13,"column":5}},"6":{"start":{"line":12,"column":8},"end":{"line":12,"column":68}},"7":{"start":{"line":15,"column":17},"end":{"line":15,"column":49}},"8":{"start":{"line":16,"column":4},"end":{"line":16,"column":26}},"9":{"start":{"line":17,"column":4},"end":{"line":17,"column":34}},"10":{"start":{"line":19,"column":4},"end":{"line":23,"column":5}},"11":{"start":{"line":19,"column":22},"end":{"line":19,"column":23}},"12":{"start":{"line":21,"column":8},"end":{"line":21,"column":74}},"13":{"start":{"line":22,"column":8},"end":{"line":22,"column":35}},"14":{"start":{"line":25,"column":4},"end":{"line":49,"column":5}},"15":{"start":{"line":27,"column":8},"end":{"line":37,"column":9}},"16":{"start":{"line":29,"column":12},"end":{"line":29,"column":25}},"17":{"start":{"line":30,"column":12},"end":{"line":30,"column":25}},"18":{"start":{"line":33,"column":13},"end":{"line":37,"column":9}},"19":{"start":{"line":35,"column":12},"end":{"line":35,"column":25}},"20":{"start":{"line":36,"column":12},"end":{"line":36,"column":27}},"21":{"start":{"line":42,"column":9},"end":{"line":49,"column":5}},"22":{"start":{"line":44,"column":8},"end":{"line":48,"column":9}},"23":{"start":{"line":46,"column":12},"end":{"line":46,"column":25}},"24":{"start":{"line":47,"column":12},"end":{"line":47,"column":25}},"25":{"start":{"line":52,"column":4},"end":{"line":52,"column":40}},"26":{"start":{"line":55,"column":0},"end":{"line":55,"column":29}}},"fnMap":{"0":{"name":"createArray","decl":{"start":{"line":1,"column":9},"end":{"line":1,"column":20}},"loc":{"start":{"line":2,"column":0},"end":{"line":53,"column":1}},"line":2}},"branchMap":{"0":{"loc":{"start":{"line":10,"column":4},"end":{"line":13,"column":5}},"type":"if","locations":[{"start":{"line":10,"column":4},"end":{"line":13,"column":5}},{"start":{"line":10,"column":4},"end":{"line":13,"column":5}}],"line":10},"1":{"loc":{"start":{"line":25,"column":4},"end":{"line":49,"column":5}},"type":"if","locations":[{"start":{"line":25,"column":4},"end":{"line":49,"column":5}},{"start":{"line":25,"column":4},"end":{"line":49,"column":5}}],"line":25},"2":{"loc":{"start":{"line":27,"column":8},"end":{"line":37,"column":9}},"type":"if","locations":[{"start":{"line":27,"column":8},"end":{"line":37,"column":9}},{"start":{"line":27,"column":8},"end":{"line":37,"column":9}}],"line":27},"3":{"loc":{"start":{"line":27,"column":13},"end":{"line":27,"column":64}},"type":"binary-expr","locations":[{"start":{"line":27,"column":15},"end":{"line":27,"column":28}},{"start":{"line":27,"column":32},"end":{"line":27,"column":45}},{"start":{"line":27,"column":51},"end":{"line":27,"column":64}}],"line":27},"4":{"loc":{"start":{"line":33,"column":13},"end":{"line":37,"column":9}},"type":"if","locations":[{"start":{"line":33,"column":13},"end":{"line":37,"column":9}},{"start":{"line":33,"column":13},"end":{"line":37,"column":9}}],"line":33},"5":{"loc":{"start":{"line":33,"column":18},"end":{"line":33,"column":71}},"type":"binary-expr","locations":[{"start":{"line":33,"column":20},"end":{"line":33,"column":33}},{"start":{"line":33,"column":37},"end":{"line":33,"column":52}},{"start":{"line":33,"column":58},"end":{"line":33,"column":71}}],"line":33},"6":{"loc":{"start":{"line":42,"column":9},"end":{"line":49,"column":5}},"type":"if","locations":[{"start":{"line":42,"column":9},"end":{"line":49,"column":5}},{"start":{"line":42,"column":9},"end":{"line":49,"column":5}}],"line":42},"7":{"loc":{"start":{"line":44,"column":8},"end":{"line":48,"column":9}},"type":"if","locations":[{"start":{"line":44,"column":8},"end":{"line":48,"column":9}},{"start":{"line":44,"column":8},"end":{"line":48,"column":9}}],"line":44},"8":{"loc":{"start":{"line":44,"column":13},"end":{"line":44,"column":43}},"type":"binary-expr","locations":[{"start":{"line":44,"column":13},"end":{"line":44,"column":26}},{"start":{"line":44,"column":30},"end":{"line":44,"column":43}}],"line":44}},"s":{"0":1,"1":1,"2":1,"3":1,"4":1,"5":1,"6":0,"7":1,"8":1,"9":1,"10":1,"11":1,"12":8,"13":8,"14":1,"15":1,"16":1,"17":1,"18":0,"19":0,"20":0,"21":0,"22":0,"23":0,"24":0,"25":1,"26":1},"f":{"0":1},"b":{"0":[0,1],"1":[1,0],"2":[1,0],"3":[1,1,1],"4":[0,0],"5":[0,0,0],"6":[0,0],"7":[0,0],"8":[0,0]},"_coverageSchema":"1a1c01bbd47fc00a2c39e90264f33305004495a9","hash":"588f954e44adcfe9be541ffa028f94e1fe92e7a1"}
,"/Users/traybournenorth/Desktop/NAUDigiTool/NewPrototype/module-one-unit-tests/getLengthOfArray.js": {"path":"/Users/traybournenorth/Desktop/NAUDigiTool/NewPrototype/module-one-unit-tests/getLengthOfArray.js","statementMap":{"0":{"start":{"line":4,"column":18},"end":{"line":4,"column":19}},"1":{"start":{"line":6,"column":4},"end":{"line":9,"column":5}},"2":{"start":{"line":6,"column":22},"end":{"line":6,"column":23}},"3":{"start":{"line":8,"column":8},"end":{"line":8,"column":18}},"4":{"start":{"line":11,"column":4},"end":{"line":11,"column":19}},"5":{"start":{"line":14,"column":0},"end":{"line":14,"column":34}}},"fnMap":{"0":{"name":"getLengthOfArray","decl":{"start":{"line":2,"column":9},"end":{"line":2,"column":25}},"loc":{"start":{"line":3,"column":0},"end":{"line":12,"column":1}},"line":3}},"branchMap":{},"s":{"0":1,"1":1,"2":1,"3":8,"4":1,"5":1},"f":{"0":1},"b":{},"_coverageSchema":"1a1c01bbd47fc00a2c39e90264f33305004495a9","hash":"0b034c40c1a8250367ee3ba24499cde13e5f2680"}
,"/Users/traybournenorth/Desktop/NAUDigiTool/NewPrototype/module-one-unit-tests/getTimeTaken.js": {"path":"/Users/traybournenorth/Desktop/NAUDigiTool/NewPrototype/module-one-unit-tests/getTimeTaken.js","statementMap":{"0":{"start":{"line":3,"column":24},"end":{"line":3,"column":25}},"1":{"start":{"line":4,"column":24},"end":{"line":4,"column":25}},"2":{"start":{"line":5,"column":16},"end":{"line":5,"column":17}},"3":{"start":{"line":7,"column":4},"end":{"line":21,"column":5}},"4":{"start":{"line":9,"column":8},"end":{"line":13,"column":9}},"5":{"start":{"line":11,"column":12},"end":{"line":11,"column":31}},"6":{"start":{"line":12,"column":12},"end":{"line":12,"column":28}},"7":{"start":{"line":15,"column":8},"end":{"line":15,"column":27}},"8":{"start":{"line":17,"column":8},"end":{"line":20,"column":9}},"9":{"start":{"line":19,"column":12},"end":{"line":19,"column":31}},"10":{"start":{"line":23,"column":4},"end":{"line":23,"column":70}},"11":{"start":{"line":24,"column":4},"end":{"line":24,"column":17}},"12":{"start":{"line":27,"column":0},"end":{"line":27,"column":30}}},"fnMap":{"0":{"name":"getTimeTaken","decl":{"start":{"line":1,"column":9},"end":{"line":1,"column":21}},"loc":{"start":{"line":2,"column":0},"end":{"line":25,"column":1}},"line":2}},"branchMap":{"0":{"loc":{"start":{"line":17,"column":8},"end":{"line":20,"column":9}},"type":"if","locations":[{"start":{"line":17,"column":8},"end":{"line":20,"column":9}},{"start":{"line":17,"column":8},"end":{"line":20,"column":9}}],"line":17}},"s":{"0":1,"1":1,"2":1,"3":1,"4":4,"5":40,"6":40,"7":4,"8":4,"9":3,"10":1,"11":1,"12":1},"f":{"0":1},"b":{"0":[3,1]},"_coverageSchema":"1a1c01bbd47fc00a2c39e90264f33305004495a9","hash":"f5d6c034ebbf424551407fd2e87d56c4192713c9"}
,"/Users/traybournenorth/Desktop/NAUDigiTool/NewPrototype/module-one-unit-tests/removeDuplicates.js": {"path":"/Users/traybournenorth/Desktop/NAUDigiTool/NewPrototype/module-one-unit-tests/removeDuplicates.js","statementMap":{"0":{"start":{"line":3,"column":4},"end":{"line":15,"column":5}},"1":{"start":{"line":5,"column":8},"end":{"line":14,"column":9}},"2":{"start":{"line":5,"column":31},"end":{"line":5,"column":32}},"3":{"start":{"line":7,"column":12},"end":{"line":13,"column":13}},"4":{"start":{"line":7,"column":35},"end":{"line":7,"column":36}},"5":{"start":{"line":9,"column":16},"end":{"line":12,"column":17}},"6":{"start":{"line":11,"column":20},"end":{"line":11,"column":67}},"7":{"start":{"line":17,"column":4},"end":{"line":17,"column":23}},"8":{"start":{"line":20,"column":0},"end":{"line":20,"column":34}}},"fnMap":{"0":{"name":"removeDuplicates","decl":{"start":{"line":1,"column":9},"end":{"line":1,"column":25}},"loc":{"start":{"line":2,"column":0},"end":{"line":18,"column":1}},"line":2}},"branchMap":{"0":{"loc":{"start":{"line":3,"column":4},"end":{"line":15,"column":5}},"type":"if","locations":[{"start":{"line":3,"column":4},"end":{"line":15,"column":5}},{"start":{"line":3,"column":4},"end":{"line":15,"column":5}}],"line":3},"1":{"loc":{"start":{"line":9,"column":16},"end":{"line":12,"column":17}},"type":"if","locations":[{"start":{"line":9,"column":16},"end":{"line":12,"column":17}},{"start":{"line":9,"column":16},"end":{"line":12,"column":17}}],"line":9},"2":{"loc":{"start":{"line":9,"column":21},"end":{"line":9,"column":135}},"type":"binary-expr","locations":[{"start":{"line":9,"column":21},"end":{"line":9,"column":107}},{"start":{"line":9,"column":111},"end":{"line":9,"column":135}}],"line":9}},"s":{"0":1,"1":1,"2":1,"3":2,"4":2,"5":4,"6":1,"7":1,"8":1},"f":{"0":1},"b":{"0":[1,0],"1":[1,3],"2":[4,3]},"_coverageSchema":"1a1c01bbd47fc00a2c39e90264f33305004495a9","hash":"25ce8d0f70ea433283d87a99ebb8807a1e308bb8"}
,"/Users/traybournenorth/Desktop/NAUDigiTool/NewPrototype/module-one-unit-tests/swapArrayIndices.js": {"path":"/Users/traybournenorth/Desktop/NAUDigiTool/NewPrototype/module-one-unit-tests/swapArrayIndices.js","statementMap":{"0":{"start":{"line":4,"column":18},"end":{"line":4,"column":35}},"1":{"start":{"line":6,"column":4},"end":{"line":6,"column":42}},"2":{"start":{"line":7,"column":4},"end":{"line":7,"column":32}},"3":{"start":{"line":9,"column":4},"end":{"line":9,"column":29}},"4":{"start":{"line":12,"column":0},"end":{"line":12,"column":34}}},"fnMap":{"0":{"name":"swapArrayIndices","decl":{"start":{"line":2,"column":9},"end":{"line":2,"column":25}},"loc":{"start":{"line":3,"column":0},"end":{"line":10,"column":1}},"line":3}},"branchMap":{},"s":{"0":1,"1":1,"2":1,"3":1,"4":1},"f":{"0":1},"b":{},"_coverageSchema":"1a1c01bbd47fc00a2c39e90264f33305004495a9","hash":"0e2d9cc9bd03191a8fceb4116ce7649c72771b93"}
}
