TN:
SF:arraysEqual.js
FN:1,arraysEqual
FNF:1
FNH:1
FNDA:1,arraysEqual
DA:3,1
DA:6,1
LF:2
LH:2
BRF:0
BRH:0
end_of_record
TN:
SF:createArray.js
FN:1,createArray
FNF:1
FNH:1
FNDA:1,createArray
DA:4,1
DA:5,1
DA:6,1
DA:7,1
DA:8,1
DA:10,1
DA:12,0
DA:15,1
DA:16,1
DA:17,1
DA:19,1
DA:21,8
DA:22,8
DA:25,1
DA:27,1
DA:29,1
DA:30,1
DA:33,0
DA:35,0
DA:36,0
DA:42,0
DA:44,0
DA:46,0
DA:47,0
DA:52,1
DA:55,1
LF:26
LH:18
BRDA:10,0,0,0
BRDA:10,0,1,1
BRDA:25,1,0,1
BRDA:25,1,1,0
BRDA:27,2,0,1
BRDA:27,2,1,0
BRDA:27,3,0,1
BRDA:27,3,1,1
BRDA:27,3,2,1
BRDA:33,4,0,0
BRDA:33,4,1,0
BRDA:33,5,0,0
BRDA:33,5,1,0
BRDA:33,5,2,0
BRDA:42,6,0,0
BRDA:42,6,1,0
BRDA:44,7,0,0
BRDA:44,7,1,0
BRDA:44,8,0,0
BRDA:44,8,1,0
BRF:20
BRH:6
end_of_record
TN:
SF:getLengthOfArray.js
FN:2,getLengthOfArray
FNF:1
FNH:1
FNDA:1,getLengthOfArray
DA:4,1
DA:6,1
DA:8,8
DA:11,1
DA:14,1
LF:5
LH:5
BRF:0
BRH:0
end_of_record
TN:
SF:getTimeTaken.js
FN:1,getTimeTaken
FNF:1
FNH:1
FNDA:1,getTimeTaken
DA:3,1
DA:4,1
DA:5,1
DA:7,1
DA:9,4
DA:11,40
DA:12,40
DA:15,4
DA:17,4
DA:19,3
DA:23,1
DA:24,1
DA:27,1
LF:13
LH:13
BRDA:17,0,0,3
BRDA:17,0,1,1
BRF:2
BRH:2
end_of_record
TN:
SF:removeDuplicates.js
FN:1,removeDuplicates
FNF:1
FNH:1
FNDA:1,removeDuplicates
DA:3,1
DA:5,1
DA:7,2
DA:9,4
DA:11,1
DA:17,1
DA:20,1
LF:7
LH:7
BRDA:3,0,0,1
BRDA:3,0,1,0
BRDA:9,1,0,1
BRDA:9,1,1,3
BRDA:9,2,0,4
BRDA:9,2,1,3
BRF:6
BRH:5
end_of_record
TN:
SF:swapArrayIndices.js
FN:2,swapArrayIndices
FNF:1
FNH:1
FNDA:1,swapArrayIndices
DA:4,1
DA:6,1
DA:7,1
DA:9,1
DA:12,1
LF:5
LH:5
BRF:0
BRH:0
end_of_record
